Active-HDL 9.1.2353.4205  2018-06-15 17:52:19

Elaboration top modules:
Architecture                  arch(GAS_Diagnostic_Device)


---------------------------------------------------------------------------------------------------------------------
Entity                | Architecture | Library               | Info | Compiler Version         | Compilation Options
---------------------------------------------------------------------------------------------------------------------
GAS_Diagnostic_Device | arch         | gas_allocation_system |      | 9.1.2353.4205  (Windows) | -dbg
---------------------------------------------------------------------------------------------------------------------

---------------------------------------------------------------------------------------------------------------------
VHDL Package                         | Library               | Info | Compiler Version         | Compilation Options
---------------------------------------------------------------------------------------------------------------------
standard                             | std                   |      |                          | <unavailable>
TEXTIO                               | std                   |      | 9.1.2353.4205  (Windows) |  -2008
std_logic_1164                       | ieee                  |      | 9.1.2353.4205  (Windows) |  -2008
std_logic_arith                      | ieee                  |      | 9.1.2353.4205  (Windows) | 
STD_LOGIC_UNSIGNED                   | ieee                  |      | 9.1.2353.4205  (Windows) | 
heap_arr_pkg                         | gas_allocation_system |      | 9.1.2353.4205  (Windows) | -dbg
---------------------------------------------------------------------------------------------------------------------

---------------------------------------------------------------------------------------------------------------------
Library                              | Comment
---------------------------------------------------------------------------------------------------------------------
gas_allocation_system                | None
ieee                                 | Standard IEEE packages library
std                                  | Standard VHDL library
---------------------------------------------------------------------------------------------------------------------
